[INFO] Scanning for projects...
[WARNING] 
[WARNING] Some problems were encountered while building the effective model for org.collectionspace:general-utils:jar:1.0-SNAPSHOT
[WARNING] 'build.plugins.plugin.version' for org.mortbay.jetty:maven-jetty-plugin is missing. @ line 45, column 12
[WARNING] 'build.plugins.plugin.version' for org.apache.maven.plugins:maven-compiler-plugin is missing. @ line 36, column 12
[WARNING] 
[WARNING] Some problems were encountered while building the effective model for org.collectionspace:csp-api:jar:1.0-SNAPSHOT
[WARNING] 'build.plugins.plugin.version' for org.mortbay.jetty:maven-jetty-plugin is missing. @ line 57, column 15
[WARNING] 'build.plugins.plugin.version' for org.apache.maven.plugins:maven-compiler-plugin is missing. @ line 48, column 15
[WARNING] 
[WARNING] Some problems were encountered while building the effective model for org.collectionspace:csp-impl:jar:1.0-SNAPSHOT
[WARNING] 'build.plugins.plugin.version' for org.mortbay.jetty:maven-jetty-plugin is missing. @ line 97, column 12
[WARNING] 'build.plugins.plugin.version' for org.apache.maven.plugins:maven-compiler-plugin is missing. @ line 88, column 12
[WARNING] 
[WARNING] Some problems were encountered while building the effective model for org.collectionspace:cspi-schema:jar:1.0-SNAPSHOT
[WARNING] 'build.plugins.plugin.version' for org.mortbay.jetty:maven-jetty-plugin is missing. @ line 93, column 15
[WARNING] 'build.plugins.plugin.version' for org.apache.maven.plugins:maven-compiler-plugin is missing. @ line 84, column 15
[WARNING] 
[WARNING] Some problems were encountered while building the effective model for org.collectionspace:jxutils:jar:1.0-SNAPSHOT
[WARNING] 'dependencies.dependency.(groupId:artifactId:type:classifier)' must be unique: org.json:json:jar -> duplicate declaration of version 20080701 @ line 61, column 17
[WARNING] 'build.plugins.plugin.version' for org.apache.maven.plugins:maven-compiler-plugin is missing. @ line 91, column 15
[WARNING] 
[WARNING] Some problems were encountered while building the effective model for org.collectionspace:csp-helper:jar:1.0-SNAPSHOT
[WARNING] 'dependencies.dependency.(groupId:artifactId:type:classifier)' must be unique: org.collectionspace:csp-api:jar -> duplicate declaration of version 1.0-SNAPSHOT @ line 39, column 17
[WARNING] 'build.plugins.plugin.version' for org.mortbay.jetty:maven-jetty-plugin is missing. @ line 101, column 15
[WARNING] 'build.plugins.plugin.version' for org.apache.maven.plugins:maven-compiler-plugin is missing. @ line 92, column 15
[WARNING] 
[WARNING] Some problems were encountered while building the effective model for org.collectionspace:cspi-webui:jar:1.0-SNAPSHOT
[WARNING] 'build.plugins.plugin.version' for org.mortbay.jetty:maven-jetty-plugin is missing. @ line 133, column 15
[WARNING] 'build.plugins.plugin.version' for org.apache.maven.plugins:maven-compiler-plugin is missing. @ line 124, column 15
[WARNING] 
[WARNING] Some problems were encountered while building the effective model for org.collectionspace:cspi-file:jar:1.0-SNAPSHOT
[WARNING] 'build.plugins.plugin.version' for org.mortbay.jetty:maven-jetty-plugin is missing. @ line 76, column 15
[WARNING] 'build.plugins.plugin.version' for org.apache.maven.plugins:maven-compiler-plugin is missing. @ line 67, column 15
[WARNING] 
[WARNING] Some problems were encountered while building the effective model for org.collectionspace:cspi-services:jar:1.0-SNAPSHOT
[WARNING] 'build.plugins.plugin.version' for org.mortbay.jetty:maven-jetty-plugin is missing. @ line 189, column 15
[WARNING] 'build.plugins.plugin.version' for org.apache.maven.plugins:maven-compiler-plugin is missing. @ line 180, column 15
[WARNING] 
[WARNING] Some problems were encountered while building the effective model for org.collectionspace:cspi-installation:jar:1.0-SNAPSHOT
[WARNING] 'dependencies.dependency.(groupId:artifactId:type:classifier)' must be unique: org.json:json:jar -> duplicate declaration of version 20080701 @ line 61, column 17
[WARNING] 'build.plugins.plugin.version' for org.apache.maven.plugins:maven-compiler-plugin is missing. @ line 113, column 15
[WARNING] 
[WARNING] Some problems were encountered while building the effective model for org.collectionspace:tomcat-main:jar:1.0-SNAPSHOT
[WARNING] 'build.plugins.plugin.version' for org.mortbay.jetty:maven-jetty-plugin is missing. @ line 187, column 12
[WARNING] 
[WARNING] Some problems were encountered while building the effective model for org.collectionspace:war-entry:war:1.0-SNAPSHOT
[WARNING] 'build.plugins.plugin.version' for org.mortbay.jetty:maven-jetty-plugin is missing. @ line 99, column 12
[WARNING] 'build.plugins.plugin.version' for org.apache.maven.plugins:maven-compiler-plugin is missing. @ line 80, column 12
[WARNING] 
[WARNING] It is highly recommended to fix these problems because they threaten the stability of your build.
[WARNING] 
[WARNING] For this reason, future Maven versions might no longer support building such malformed projects.
[WARNING] 
[INFO] ------------------------------------------------------------------------
[INFO] Reactor Build Order:
[INFO] 
[INFO] Root
[INFO] CSP: General Utils
[INFO] Collection-Space CSP API
[INFO] CSP: Impl
[INFO] Collection-Space CSP Helper
[INFO] CSP: Schema
[INFO] JXUtils
[INFO] CSP: Web UI
[INFO] CSP: File
[INFO] CSP: Services
[INFO] JXUtils
[INFO] Core
[INFO] Core
[INFO]                                                                         
[INFO] ------------------------------------------------------------------------
[INFO] Building Root 1.0-SNAPSHOT
[INFO] ------------------------------------------------------------------------
[INFO]                                                                         
[INFO] ------------------------------------------------------------------------
[INFO] Building CSP: General Utils 1.0-SNAPSHOT
[INFO] ------------------------------------------------------------------------
[INFO] 
[INFO] --- maven-resources-plugin:2.4.3:resources (default-resources) @ general-utils ---
[WARNING] Using platform encoding (UTF-8 actually) to copy filtered resources, i.e. build is platform dependent!
[INFO] skip non existing resourceDirectory /Users/mjesse/Documents/github/walker/application/general-utils/src/main/resources
[INFO] 
[INFO] --- maven-compiler-plugin:2.3.2:compile (default-compile) @ general-utils ---
[INFO] Nothing to compile - all classes are up to date
[INFO] 
[INFO] --- maven-resources-plugin:2.4.3:testResources (default-testResources) @ general-utils ---
[WARNING] Using platform encoding (UTF-8 actually) to copy filtered resources, i.e. build is platform dependent!
[INFO] skip non existing resourceDirectory /Users/mjesse/Documents/github/walker/application/general-utils/src/test/resources
[INFO] Copying 112 resources
[INFO] 
[INFO] --- maven-compiler-plugin:2.3.2:testCompile (default-testCompile) @ general-utils ---
[INFO] No sources to compile
[INFO] 
[INFO] --- maven-surefire-plugin:2.13:test (default-test) @ general-utils ---
[INFO]                                                                         
[INFO] ------------------------------------------------------------------------
[INFO] Building Collection-Space CSP API 1.0-SNAPSHOT
[INFO] ------------------------------------------------------------------------
[INFO] 
[INFO] --- maven-resources-plugin:2.4.3:resources (default-resources) @ csp-api ---
[WARNING] Using platform encoding (UTF-8 actually) to copy filtered resources, i.e. build is platform dependent!
[INFO] skip non existing resourceDirectory /Users/mjesse/Documents/github/walker/application/csp-api/src/main/resources
[INFO] 
[INFO] --- maven-compiler-plugin:2.3.2:compile (default-compile) @ csp-api ---
[INFO] Nothing to compile - all classes are up to date
[INFO] 
[INFO] --- maven-resources-plugin:2.4.3:testResources (default-testResources) @ csp-api ---
[WARNING] Using platform encoding (UTF-8 actually) to copy filtered resources, i.e. build is platform dependent!
[INFO] skip non existing resourceDirectory /Users/mjesse/Documents/github/walker/application/csp-api/src/test/resources
[INFO] Copying 112 resources
[INFO] 
[INFO] --- maven-compiler-plugin:2.3.2:testCompile (default-testCompile) @ csp-api ---
[INFO] No sources to compile
[INFO] 
[INFO] --- maven-surefire-plugin:2.13:test (default-test) @ csp-api ---
[INFO]                                                                         
[INFO] ------------------------------------------------------------------------
[INFO] Building CSP: Impl 1.0-SNAPSHOT
[INFO] ------------------------------------------------------------------------
[INFO] 
[INFO] --- maven-resources-plugin:2.4.3:resources (default-resources) @ csp-impl ---
[WARNING] Using platform encoding (UTF-8 actually) to copy filtered resources, i.e. build is platform dependent!
[INFO] Copying 2 resources
[INFO] 
[INFO] --- maven-compiler-plugin:2.3.2:compile (default-compile) @ csp-impl ---
[INFO] Nothing to compile - all classes are up to date
[INFO] 
[INFO] --- maven-resources-plugin:2.4.3:testResources (default-testResources) @ csp-impl ---
[WARNING] Using platform encoding (UTF-8 actually) to copy filtered resources, i.e. build is platform dependent!
[INFO] Copying 10 resources
[INFO] Copying 112 resources
[INFO] 
[INFO] --- maven-compiler-plugin:2.3.2:testCompile (default-testCompile) @ csp-impl ---
[INFO] Nothing to compile - all classes are up to date
[INFO] 
[INFO] --- maven-surefire-plugin:2.13:test (default-test) @ csp-impl ---
[INFO] Surefire report directory: /Users/mjesse/Documents/github/walker/application/csp-impl/target/surefire-reports

-------------------------------------------------------
 T E S T S
-------------------------------------------------------
Running org.collectionspace.chain.csp.config.impl.parser.TestAssembly
Tests run: 0, Failures: 0, Errors: 0, Skipped: 0, Time elapsed: 0.105 sec

Results :

Tests run: 0, Failures: 0, Errors: 0, Skipped: 0

[INFO]                                                                         
[INFO] ------------------------------------------------------------------------
[INFO] Building Collection-Space CSP Helper 1.0-SNAPSHOT
[INFO] ------------------------------------------------------------------------
[INFO] 
[INFO] --- maven-resources-plugin:2.4.3:resources (default-resources) @ csp-helper ---
[WARNING] Using platform encoding (UTF-8 actually) to copy filtered resources, i.e. build is platform dependent!
[INFO] Copying 1 resource
[INFO] 
[INFO] --- maven-compiler-plugin:2.3.2:compile (default-compile) @ csp-helper ---
[INFO] Nothing to compile - all classes are up to date
[INFO] 
[INFO] --- maven-resources-plugin:2.4.3:testResources (default-testResources) @ csp-helper ---
[WARNING] Using platform encoding (UTF-8 actually) to copy filtered resources, i.e. build is platform dependent!
[INFO] Copying 1 resource
[INFO] Copying 112 resources
[INFO] 
[INFO] --- maven-compiler-plugin:2.3.2:testCompile (default-testCompile) @ csp-helper ---
[INFO] No sources to compile
[INFO] 
[INFO] --- maven-surefire-plugin:2.13:test (default-test) @ csp-helper ---
[INFO]                                                                         
[INFO] ------------------------------------------------------------------------
[INFO] Building CSP: Schema 1.0-SNAPSHOT
[INFO] ------------------------------------------------------------------------
[INFO] 
[INFO] --- maven-resources-plugin:2.4.3:resources (default-resources) @ cspi-schema ---
[WARNING] Using platform encoding (UTF-8 actually) to copy filtered resources, i.e. build is platform dependent!
[INFO] skip non existing resourceDirectory /Users/mjesse/Documents/github/walker/application/cspi-schema/src/main/resources
[INFO] 
[INFO] --- maven-compiler-plugin:2.3.2:compile (default-compile) @ cspi-schema ---
[INFO] Nothing to compile - all classes are up to date
[INFO] 
[INFO] --- maven-resources-plugin:2.4.3:testResources (default-testResources) @ cspi-schema ---
[WARNING] Using platform encoding (UTF-8 actually) to copy filtered resources, i.e. build is platform dependent!
[INFO] Copying 1 resource
[INFO] Copying 112 resources
[INFO] 
[INFO] --- maven-compiler-plugin:2.3.2:testCompile (default-testCompile) @ cspi-schema ---
[INFO] Nothing to compile - all classes are up to date
[INFO] 
[INFO] --- maven-surefire-plugin:2.13:test (default-test) @ cspi-schema ---
[INFO] Surefire report directory: /Users/mjesse/Documents/github/walker/application/cspi-schema/target/surefire-reports

-------------------------------------------------------
 T E S T S
-------------------------------------------------------
Running org.collectionspace.chain.csp.schema.TestSchema
  record id=collection-object
    web_url=cataloging
    type=[record]
String,services-schemalocation,Value,http://services.collectionspace.org,Default,http://services.collectionspace.org
String,preselector,Value,.csc-,Default,.csc-
String,services-url,Value,collectionobjects,Default,collection-object
String,services-tenant-plural,Value,CollectionObjects,Default,CollectionObjects
String,search-url,Value,cataloging-search,Default,cataloging-search
String,services-instances-path,Value,collectionobjects_common:http://collectionspace.org/services/collectionobjects,collectionobjects-common-list/collectionobjects-list-item,Default,collectionobjects_common:http://collectionspace.org/services/collectionobjects,collectionobjects-common-list/collectionobjects-list-item
String,enum-blank,Value,Please select a value,Default,Please select a value
String,authority-vocab-type,Value,,Default,
String,primaryfield,Value,,Default,
String,services-tenant-auth-singular,Value,collectionobjects,Default,collectionobjects
String,number-selector,Value,.csc-entry-number,Default,.csc-entry-number
String,services-tenant-singular,Value,CollectionObject,Default,collectionobjects
String,services-search-keyword,Value,kw,Default,kw
String,services-abstract,Value,org.collectionspace.services.collectionobject.CollectionObjectsCommonList,Default,org.collectionspace.services.collectionobject.CollectionObjectsCommonList
String,ui-url,Value,cataloging.html,Default,cataloging.html
String,services-fields-path,Value,fieldsReturned,Default,fieldsReturned
String,services-tenant-auth-plural,Value,CollectionObjects,Default,CollectionObjects
String,web-url,Value,cataloging,Default,collection-object
String,row-selector,Value,.csc-recordList-row:,Default,.csc-recordList-row:
String,decoratorselector,Value,cs-,Default,cs-
String,services-list-path,Value,abstract-common-list/list-item,Default,collectionobjects-common-list/collectionobjects-list-item
String,services-dochandler,Value,org.collectionspace.services.collectionobject.nuxeo.CollectionObjectDocumentModelHandler,Default,org.collectionspace.services.collectionobject.nuxeo.CollectionObjectDocumentModelHandler
String,authorization-includes,Value,collectionobjects,Default,collectionobjects
String,tab-url,Value,cataloging-tab,Default,cataloging-tab
String,services-single-instance-path,Value,collectionobjects_common:http://collectionspace.org/services/collectionobjects,collectionobjects-common,Default,collectionobjects_common:http://collectionspace.org/services/collectionobjects,collectionobjects-common
String,showin,Value,,Default,
String,@id,Value,collection-object,Default,null
String,services-common,Value,org.collectionspace.services.collectionobject.CollectionObjectsCommonList$CollectionObjectListItem,Default,org.collectionspace.services.collectionobject.CollectionObjectsCommonList$CollectionObjectListItem
String,services-validator,Value,org.collectionspace.services.collectionobject.nuxeo.CollectionObjectValidatorHandler,Default,org.collectionspace.services.collectionobject.nuxeo.CollectionObjectValidatorHandler
Boolean,authorization-view,Value,true,Default,true
Boolean,is-multipart,Value,true,Default,true
Boolean,supportslocking,Value,false,Default,false
Boolean,@separate-record,Value,true,Default,true
Boolean,hassoftdelete,Value,true,Default,false
Boolean,hasdeletemethod,Value,false,Default,false
Boolean,@in-recordlist,Value,true,Default,true
Boolean,refobj-used,Value,true,Default,true
Boolean,terms-used,Value,true,Default,true
Set,@type,Value,[record],Default,[record]

Tests run: 1, Failures: 0, Errors: 0, Skipped: 0, Time elapsed: 3.078 sec

Results :

Tests run: 1, Failures: 0, Errors: 0, Skipped: 0

[INFO]                                                                         
[INFO] ------------------------------------------------------------------------
[INFO] Building JXUtils 1.0-SNAPSHOT
[INFO] ------------------------------------------------------------------------
[INFO] 
[INFO] --- maven-resources-plugin:2.4.3:resources (default-resources) @ jxutils ---
[WARNING] Using platform encoding (UTF-8 actually) to copy filtered resources, i.e. build is platform dependent!
[INFO] skip non existing resourceDirectory /Users/mjesse/Documents/github/walker/application/jxutils/src/main/resources
[INFO] 
[INFO] --- maven-compiler-plugin:2.3.2:compile (default-compile) @ jxutils ---
[INFO] Nothing to compile - all classes are up to date
[INFO] 
[INFO] --- maven-resources-plugin:2.4.3:testResources (default-testResources) @ jxutils ---
[WARNING] Using platform encoding (UTF-8 actually) to copy filtered resources, i.e. build is platform dependent!
[INFO] Copying 3 resources
[INFO] Copying 112 resources
[INFO] 
[INFO] --- maven-compiler-plugin:2.3.2:testCompile (default-testCompile) @ jxutils ---
[INFO] Nothing to compile - all classes are up to date
[INFO] 
[INFO] --- maven-surefire-plugin:2.13:test (default-test) @ jxutils ---
[INFO] Surefire report directory: /Users/mjesse/Documents/github/walker/application/jxutils/target/surefire-reports

-------------------------------------------------------
 T E S T S
-------------------------------------------------------
Running org.collectionspace.chain.util.xtmpl.TestXTmpl
Tests run: 1, Failures: 0, Errors: 0, Skipped: 0, Time elapsed: 0.559 sec

Results :

Tests run: 1, Failures: 0, Errors: 0, Skipped: 0

[INFO]                                                                         
[INFO] ------------------------------------------------------------------------
[INFO] Building CSP: Web UI 1.0-SNAPSHOT
[INFO] ------------------------------------------------------------------------
[INFO] 
[INFO] --- maven-resources-plugin:2.4.3:resources (default-resources) @ cspi-webui ---
[WARNING] Using platform encoding (UTF-8 actually) to copy filtered resources, i.e. build is platform dependent!
[INFO] Copying 6 resources
[INFO] 
[INFO] --- maven-compiler-plugin:2.3.2:compile (default-compile) @ cspi-webui ---
[INFO] Nothing to compile - all classes are up to date
[INFO] 
[INFO] --- maven-resources-plugin:2.4.3:testResources (default-testResources) @ cspi-webui ---
[WARNING] Using platform encoding (UTF-8 actually) to copy filtered resources, i.e. build is platform dependent!
[INFO] Copying 1 resource
[INFO] Copying 112 resources
[INFO] 
[INFO] --- maven-compiler-plugin:2.3.2:testCompile (default-testCompile) @ cspi-webui ---
[INFO] Nothing to compile - all classes are up to date
[INFO] 
[INFO] --- maven-surefire-plugin:2.13:test (default-test) @ cspi-webui ---
[INFO]                                                                         
[INFO] ------------------------------------------------------------------------
[INFO] Building CSP: File 1.0-SNAPSHOT
[INFO] ------------------------------------------------------------------------
[INFO] 
[INFO] --- maven-resources-plugin:2.4.3:resources (default-resources) @ cspi-file ---
[WARNING] Using platform encoding (UTF-8 actually) to copy filtered resources, i.e. build is platform dependent!
[INFO] skip non existing resourceDirectory /Users/mjesse/Documents/github/walker/application/cspi-file/src/main/resources
[INFO] 
[INFO] --- maven-compiler-plugin:2.3.2:compile (default-compile) @ cspi-file ---
[INFO] Nothing to compile - all classes are up to date
[INFO] 
[INFO] --- maven-resources-plugin:2.4.3:testResources (default-testResources) @ cspi-file ---
[WARNING] Using platform encoding (UTF-8 actually) to copy filtered resources, i.e. build is platform dependent!
[INFO] skip non existing resourceDirectory /Users/mjesse/Documents/github/walker/application/cspi-file/src/test/resources
[INFO] Copying 112 resources
[INFO] 
[INFO] --- maven-compiler-plugin:2.3.2:testCompile (default-testCompile) @ cspi-file ---
[INFO] No sources to compile
[INFO] 
[INFO] --- maven-surefire-plugin:2.13:test (default-test) @ cspi-file ---
[INFO]                                                                         
[INFO] ------------------------------------------------------------------------
[INFO] Building CSP: Services 1.0-SNAPSHOT
[INFO] ------------------------------------------------------------------------
[INFO] 
[INFO] --- maven-resources-plugin:2.4.3:resources (default-resources) @ cspi-services ---
[WARNING] Using platform encoding (UTF-8 actually) to copy filtered resources, i.e. build is platform dependent!
[INFO] Copying 4 resources
[INFO] 
[INFO] --- maven-compiler-plugin:2.3.2:compile (default-compile) @ cspi-services ---
[INFO] Nothing to compile - all classes are up to date
[INFO] 
[INFO] --- maven-resources-plugin:2.4.3:testResources (default-testResources) @ cspi-services ---
[WARNING] Using platform encoding (UTF-8 actually) to copy filtered resources, i.e. build is platform dependent!
[INFO] Copying 71 resources
[INFO] Copying 112 resources
[INFO] 
[INFO] --- maven-compiler-plugin:2.3.2:testCompile (default-testCompile) @ cspi-services ---
[INFO] Nothing to compile - all classes are up to date
[INFO] 
[INFO] --- maven-surefire-plugin:2.13:test (default-test) @ cspi-services ---
[INFO] Surefire report directory: /Users/mjesse/Documents/github/walker/application/cspi-services/target/surefire-reports

-------------------------------------------------------
 T E S T S
-------------------------------------------------------
Running org.collectionspace.chain.csp.persistence.services.relation.TestRelations
Tests run: 1, Failures: 0, Errors: 0, Skipped: 0, Time elapsed: 8.324 sec
Running org.collectionspace.chain.csp.persistence.services.TestAccount
Tests run: 1, Failures: 0, Errors: 0, Skipped: 0, Time elapsed: 2.343 sec
Running org.collectionspace.chain.csp.persistence.services.TestPermissions
Tests run: 3, Failures: 0, Errors: 0, Skipped: 0, Time elapsed: 9.161 sec
Running org.collectionspace.chain.csp.persistence.services.TestService
Tests run: 9, Failures: 0, Errors: 0, Skipped: 0, Time elapsed: 18.985 sec
Running org.collectionspace.chain.csp.persistence.services.TestServiceThroughAPI
Tests run: 5, Failures: 0, Errors: 0, Skipped: 0, Time elapsed: 14.061 sec
Running org.collectionspace.chain.csp.persistence.services.vocab.TestVocab
Tests run: 1, Failures: 0, Errors: 0, Skipped: 0, Time elapsed: 1.085 sec

Results :

Tests run: 20, Failures: 0, Errors: 0, Skipped: 0

[INFO]                                                                         
[INFO] ------------------------------------------------------------------------
[INFO] Building JXUtils 1.0-SNAPSHOT
[INFO] ------------------------------------------------------------------------
[INFO] 
[INFO] --- maven-resources-plugin:2.4.3:resources (default-resources) @ cspi-installation ---
[WARNING] Using platform encoding (UTF-8 actually) to copy filtered resources, i.e. build is platform dependent!
[INFO] Copying 1 resource
[INFO] 
[INFO] --- maven-compiler-plugin:2.3.2:compile (default-compile) @ cspi-installation ---
[INFO] Nothing to compile - all classes are up to date
[INFO] 
[INFO] --- maven-resources-plugin:2.4.3:testResources (default-testResources) @ cspi-installation ---
[WARNING] Using platform encoding (UTF-8 actually) to copy filtered resources, i.e. build is platform dependent!
[INFO] skip non existing resourceDirectory /Users/mjesse/Documents/github/walker/application/cspi-installation/src/test/resources
[INFO] Copying 112 resources
[INFO] 
[INFO] --- maven-compiler-plugin:2.3.2:testCompile (default-testCompile) @ cspi-installation ---
[INFO] Nothing to compile - all classes are up to date
[INFO] 
[INFO] --- maven-surefire-plugin:2.13:test (default-test) @ cspi-installation ---
[INFO] Surefire report directory: /Users/mjesse/Documents/github/walker/application/cspi-installation/target/surefire-reports

-------------------------------------------------------
 T E S T S
-------------------------------------------------------
Running org.collectionspace.chain.installation.TestServices
Tests run: 1, Failures: 0, Errors: 0, Skipped: 0, Time elapsed: 0.217 sec

Results :

Tests run: 1, Failures: 0, Errors: 0, Skipped: 0

[INFO]                                                                         
[INFO] ------------------------------------------------------------------------
[INFO] Building Core 1.0-SNAPSHOT
[INFO] ------------------------------------------------------------------------
[INFO] 
[INFO] --- maven-resources-plugin:2.4.3:resources (default-resources) @ tomcat-main ---
[WARNING] Using platform encoding (UTF-8 actually) to copy filtered resources, i.e. build is platform dependent!
[INFO] Copying 112 resources
[INFO] 
[INFO] --- maven-compiler-plugin:3.0:compile (default-compile) @ tomcat-main ---
[INFO] Changes detected - recompiling the module!
[WARNING] File encoding has not been set, using platform encoding UTF-8, i.e. build is platform dependent!
[INFO] Compiling 12 source files to /Users/mjesse/Documents/github/walker/application/tomcat-main/target/classes
[INFO] 
[INFO] --- maven-resources-plugin:2.4.3:testResources (default-testResources) @ tomcat-main ---
[WARNING] Using platform encoding (UTF-8 actually) to copy filtered resources, i.e. build is platform dependent!
[INFO] Copying 102 resources
[INFO] Copying 112 resources
[INFO] 
[INFO] --- maven-compiler-plugin:3.0:testCompile (default-testCompile) @ tomcat-main ---
[INFO] Changes detected - recompiling the module!
[WARNING] File encoding has not been set, using platform encoding UTF-8, i.e. build is platform dependent!
[INFO] Compiling 15 source files to /Users/mjesse/Documents/github/walker/application/tomcat-main/target/test-classes
[INFO] 
[INFO] --- maven-surefire-plugin:2.13:test (default-test) @ tomcat-main ---
[INFO] Surefire report directory: /Users/mjesse/Documents/github/walker/application/tomcat-main/target/surefire-reports

-------------------------------------------------------
 T E S T S
-------------------------------------------------------
Running org.collectionspace.chain.controller.TestComposite
Tests run: 3, Failures: 0, Errors: 0, Skipped: 0, Time elapsed: 16.535 sec
Running org.collectionspace.chain.csp.persistence.file.TestGeneral
DEBUG: JavaMail version 1.4.1ea-SNAPSHOT
DEBUG: not loading file: /Library/Java/JavaVirtualMachines/jdk1.7.0_17.jdk/Contents/Home/jre/lib/javamail.providers
DEBUG: java.io.FileNotFoundException: /Library/Java/JavaVirtualMachines/jdk1.7.0_17.jdk/Contents/Home/jre/lib/javamail.providers (No such file or directory)
DEBUG: !anyLoaded
DEBUG: not loading resource: /META-INF/javamail.providers
DEBUG: successfully loaded resource: /META-INF/javamail.default.providers
DEBUG: Tables of loaded providers
DEBUG: Providers Listed By Class Name: {com.sun.mail.smtp.SMTPSSLTransport=javax.mail.Provider[TRANSPORT,smtps,com.sun.mail.smtp.SMTPSSLTransport,Sun Microsystems, Inc], com.sun.mail.smtp.SMTPTransport=javax.mail.Provider[TRANSPORT,smtp,com.sun.mail.smtp.SMTPTransport,Sun Microsystems, Inc], com.sun.mail.imap.IMAPSSLStore=javax.mail.Provider[STORE,imaps,com.sun.mail.imap.IMAPSSLStore,Sun Microsystems, Inc], com.sun.mail.pop3.POP3SSLStore=javax.mail.Provider[STORE,pop3s,com.sun.mail.pop3.POP3SSLStore,Sun Microsystems, Inc], com.sun.mail.imap.IMAPStore=javax.mail.Provider[STORE,imap,com.sun.mail.imap.IMAPStore,Sun Microsystems, Inc], com.sun.mail.pop3.POP3Store=javax.mail.Provider[STORE,pop3,com.sun.mail.pop3.POP3Store,Sun Microsystems, Inc]}
DEBUG: Providers Listed By Protocol: {imaps=javax.mail.Provider[STORE,imaps,com.sun.mail.imap.IMAPSSLStore,Sun Microsystems, Inc], imap=javax.mail.Provider[STORE,imap,com.sun.mail.imap.IMAPStore,Sun Microsystems, Inc], smtps=javax.mail.Provider[TRANSPORT,smtps,com.sun.mail.smtp.SMTPSSLTransport,Sun Microsystems, Inc], pop3=javax.mail.Provider[STORE,pop3,com.sun.mail.pop3.POP3Store,Sun Microsystems, Inc], pop3s=javax.mail.Provider[STORE,pop3s,com.sun.mail.pop3.POP3SSLStore,Sun Microsystems, Inc], smtp=javax.mail.Provider[TRANSPORT,smtp,com.sun.mail.smtp.SMTPTransport,Sun Microsystems, Inc]}
DEBUG: successfully loaded resource: /META-INF/javamail.default.address.map
DEBUG: !anyLoaded
DEBUG: not loading resource: /META-INF/javamail.address.map
DEBUG: not loading file: /Library/Java/JavaVirtualMachines/jdk1.7.0_17.jdk/Contents/Home/jre/lib/javamail.address.map
DEBUG: java.io.FileNotFoundException: /Library/Java/JavaVirtualMachines/jdk1.7.0_17.jdk/Contents/Home/jre/lib/javamail.address.map (No such file or directory)
DEBUG: setDebug: JavaMail version 1.4.1ea-SNAPSHOT
Tests run: 4, Failures: 0, Errors: 0, Skipped: 0, Time elapsed: 22.665 sec
Running org.collectionspace.chain.csp.persistence.services.relation.TestRelationsThroughWebapp
Tests run: 9, Failures: 0, Errors: 0, Skipped: 0, Time elapsed: 66.559 sec
Running org.collectionspace.chain.csp.persistence.services.vocab.TestNameThroughWebapp
Tests run: 7, Failures: 0, Errors: 0, Skipped: 0, Time elapsed: 24.817 sec
Running org.collectionspace.chain.csp.persistence.services.vocab.TestOrgThroughWebapp
Tests run: 4, Failures: 0, Errors: 0, Skipped: 0, Time elapsed: 17.013 sec
Running org.collectionspace.chain.csp.persistence.services.vocab.TestVocabThroughWebapp
Tests run: 4, Failures: 0, Errors: 0, Skipped: 0, Time elapsed: 13.542 sec
Running org.collectionspace.chain.csp.persistence.TestBase
Tests run: 1, Failures: 0, Errors: 0, Skipped: 0, Time elapsed: 0.002 sec
Running org.collectionspace.chain.csp.persistence.TestData
Tests run: 1, Failures: 0, Errors: 0, Skipped: 0, Time elapsed: 0 sec
Running org.collectionspace.chain.csp.webui.main.TestAjaxExpiresHeaders
Tests run: 1, Failures: 0, Errors: 0, Skipped: 0, Time elapsed: 1.491 sec
Running org.collectionspace.chain.csp.webui.main.TestSessions
Tests run: 1, Failures: 0, Errors: 0, Skipped: 0, Time elapsed: 0.822 sec
Running org.collectionspace.chain.csp.webui.main.TestUIAuthZ
Tests run: 4, Failures: 0, Errors: 0, Skipped: 0, Time elapsed: 29.987 sec
Running org.collectionspace.chain.csp.webui.main.TestUIRecords
Tests run: 17, Failures: 0, Errors: 0, Skipped: 0, Time elapsed: 65.868 sec
Running org.collectionspace.chain.storage.TestServiceThroughWebapp
Tests run: 9, Failures: 0, Errors: 0, Skipped: 0, Time elapsed: 33.957 sec

Results :

Tests run: 65, Failures: 0, Errors: 0, Skipped: 0

[INFO]                                                                         
[INFO] ------------------------------------------------------------------------
[INFO] Building Core 1.0-SNAPSHOT
[INFO] ------------------------------------------------------------------------
[INFO] 
[INFO] --- maven-resources-plugin:2.4.3:resources (default-resources) @ war-entry ---
[WARNING] Using platform encoding (UTF-8 actually) to copy filtered resources, i.e. build is platform dependent!
[INFO] Copying 1 resource
[INFO] 
[INFO] --- maven-compiler-plugin:2.3.2:compile (default-compile) @ war-entry ---
[INFO] No sources to compile
[INFO] 
[INFO] --- maven-resources-plugin:2.4.3:testResources (default-testResources) @ war-entry ---
[WARNING] Using platform encoding (UTF-8 actually) to copy filtered resources, i.e. build is platform dependent!
[INFO] skip non existing resourceDirectory /Users/mjesse/Documents/github/walker/application/war-entry/src/test/resources
[INFO] Copying 112 resources
[INFO] 
[INFO] --- maven-compiler-plugin:2.3.2:testCompile (default-testCompile) @ war-entry ---
[INFO] No sources to compile
[INFO] 
[INFO] --- maven-surefire-plugin:2.13:test (default-test) @ war-entry ---
[INFO] ------------------------------------------------------------------------
[INFO] Reactor Summary:
[INFO] 
[INFO] Root .............................................. SUCCESS [0.003s]
[INFO] CSP: General Utils ................................ SUCCESS [1.921s]
[INFO] Collection-Space CSP API .......................... SUCCESS [0.133s]
[INFO] CSP: Impl ......................................... SUCCESS [1.520s]
[INFO] Collection-Space CSP Helper ....................... SUCCESS [0.170s]
[INFO] CSP: Schema ....................................... SUCCESS [3.802s]
[INFO] JXUtils ........................................... SUCCESS [0.987s]
[INFO] CSP: Web UI ....................................... SUCCESS [0.242s]
[INFO] CSP: File ......................................... SUCCESS [0.157s]
[INFO] CSP: Services ..................................... SUCCESS [54.782s]
[INFO] JXUtils ........................................... SUCCESS [0.797s]
[INFO] Core .............................................. SUCCESS [4:59.380s]
[INFO] Core .............................................. SUCCESS [0.254s]
[INFO] ------------------------------------------------------------------------
[INFO] BUILD SUCCESS
[INFO] ------------------------------------------------------------------------
[INFO] Total time: 6:04.536s
[INFO] Finished at: Thu May 16 14:33:52 EDT 2013
[INFO] Final Memory: 23M/296M
[INFO] ------------------------------------------------------------------------
